c:\users\codystower5\source\repos\leagueoflegendspracticetool\leagueoflegendspracticetool\debug\vc142.pdb
c:\users\codystower5\source\repos\leagueoflegendspracticetool\leagueoflegendspracticetool\debug\vc142.idb
c:\users\codystower5\source\repos\leagueoflegendspracticetool\leagueoflegendspracticetool\debug\physicshelper.obj
c:\users\codystower5\source\repos\leagueoflegendspracticetool\leagueoflegendspracticetool\debug\matrix.obj
c:\users\codystower5\source\repos\leagueoflegendspracticetool\leagueoflegendspracticetool\debug\window.obj
c:\users\codystower5\source\repos\leagueoflegendspracticetool\leagueoflegendspracticetool\debug\square.obj
c:\users\codystower5\source\repos\leagueoflegendspracticetool\leagueoflegendspracticetool\debug\scene.obj
c:\users\codystower5\source\repos\leagueoflegendspracticetool\leagueoflegendspracticetool\debug\renderable.obj
c:\users\codystower5\source\repos\leagueoflegendspracticetool\leagueoflegendspracticetool\debug\main.obj
c:\users\u105198\documents\github\makeagame2019\leagueoflegendspracticetool\leagueoflegendspracticetool\debug\vc142.pdb
c:\users\u105198\documents\github\makeagame2019\leagueoflegendspracticetool\leagueoflegendspracticetool\debug\vc142.idb
c:\users\u105198\documents\github\makeagame2019\leagueoflegendspracticetool\leagueoflegendspracticetool\debug\physicshelper.obj
c:\users\u105198\documents\github\makeagame2019\leagueoflegendspracticetool\leagueoflegendspracticetool\debug\matrix.obj
c:\users\codystower5\source\repos\leagueoflegendspracticetool\debug\leagueoflegendspracticetool.exe
c:\users\codystower5\source\repos\leagueoflegendspracticetool\debug\leagueoflegendspracticetool.ilk
c:\users\codystower5\source\repos\leagueoflegendspracticetool\debug\leagueoflegendspracticetool.pdb
c:\users\u105198\documents\github\makeagame2019\leagueoflegendspracticetool\leagueoflegendspracticetool\debug\main.obj
c:\users\u105198\documents\github\makeagame2019\leagueoflegendspracticetool\leagueoflegendspracticetool\debug\renderable.obj
c:\users\u105198\documents\github\makeagame2019\leagueoflegendspracticetool\leagueoflegendspracticetool\debug\scene.obj
c:\users\u105198\documents\github\makeagame2019\leagueoflegendspracticetool\leagueoflegendspracticetool\debug\square.obj
c:\users\u105198\documents\github\makeagame2019\leagueoflegendspracticetool\leagueoflegendspracticetool\debug\window.obj
c:\users\u105198\documents\github\makeagame2019\leagueoflegendspracticetool\debug\leagueoflegendspracticetool.pdb
c:\users\u105198\documents\github\makeagame2019\leagueoflegendspracticetool\debug\leagueoflegendspracticetool.exe
c:\users\u105198\documents\github\makeagame2019\leagueoflegendspracticetool\debug\leagueoflegendspracticetool.ilk
c:\users\u105198\documents\github\makeagame2019\leagueoflegendspracticetool\leagueoflegendspracticetool\debug\leagueof.c670799e.tlog\cl.command.1.tlog
c:\users\u105198\documents\github\makeagame2019\leagueoflegendspracticetool\leagueoflegendspracticetool\debug\leagueof.c670799e.tlog\cl.read.1.tlog
c:\users\u105198\documents\github\makeagame2019\leagueoflegendspracticetool\leagueoflegendspracticetool\debug\leagueof.c670799e.tlog\cl.write.1.tlog
c:\users\u105198\documents\github\makeagame2019\leagueoflegendspracticetool\leagueoflegendspracticetool\debug\leagueof.c670799e.tlog\link.command.1.tlog
c:\users\u105198\documents\github\makeagame2019\leagueoflegendspracticetool\leagueoflegendspracticetool\debug\leagueof.c670799e.tlog\link.read.1.tlog
c:\users\u105198\documents\github\makeagame2019\leagueoflegendspracticetool\leagueoflegendspracticetool\debug\leagueof.c670799e.tlog\link.write.1.tlog
